<?xml version="1.0" encoding="UTF-8"?>
<testng-results ignored="0" total="6" passed="4" failed="2" skipped="0">
  <reporter-output>
    <line>
      <![CDATA[Step 0 : Open URL - null]]>
    </line>
    <line>
      <![CDATA[Step 1 : Varify mmt logo present.]]>
    </line>
    <line>
      <![CDATA[Step 2 : Varify mmt login section present.]]>
    </line>
    <line>
      <![CDATA[Step 3 : Varify mmt country & currency selection dropdown present.]]>
    </line>
    <line>
      <![CDATA[Step 4 : Varify mmt search section present.]]>
    </line>
    <line>
      <![CDATA[Message : PASS : vaerifyAllHeaderSectionsPresent]]>
    </line>
    <line>
      <![CDATA[Step 0 : Open URL - null]]>
    </line>
    <line>
      <![CDATA[Step 1 : Varify mmt country & currency selection section present.]]>
    </line>
    <line>
      <![CDATA[Step 2 : Click on mmt country & currency selection section present.]]>
    </line>
    <line>
      <![CDATA[Step 3 : Select country USA from dropdown.]]>
    </line>
    <line>
      <![CDATA[Message : FAIL : vaerifyCountryCurrencyWidget]]>
    </line>
    <line>
      <![CDATA[<a href='/Users/apple/Documents/HHP/Projects/sample/target/failsafe-reports/chrome/screenshots/vaerifyCountryCurrencyWidget.png'> <img src='/Users/apple/Documents/HHP/Projects/sample/target/failsafe-reports/chrome/screenshots/vaerifyCountryCurrencyWidget.png' height='250' width='500'/> </a>]]>
    </line>
    <line>
      <![CDATA[Step 0 : Open URL - null]]>
    </line>
    <line>
      <![CDATA[Step 1 : Click on flights logo.]]>
    </line>
    <line>
      <![CDATA[Step 2 : Click on round trip radio button.]]>
    </line>
    <line>
      <![CDATA[Step 3 : Enter ahmedabad in from textbox.]]>
    </line>
    <line>
      <![CDATA[Message : FAIL : verifySearchFlight]]>
    </line>
    <line>
      <![CDATA[<a href='/Users/apple/Documents/HHP/Projects/sample/target/failsafe-reports/chrome/screenshots/verifySearchFlight.png'> <img src='/Users/apple/Documents/HHP/Projects/sample/target/failsafe-reports/chrome/screenshots/verifySearchFlight.png' height='250' width='500'/> </a>]]>
    </line>
    <line>
      <![CDATA[Step 0 : Open URL - null]]>
    </line>
    <line>
      <![CDATA[Step 1 : Click oon super offer tab in header.]]>
    </line>
    <line>
      <![CDATA[Message : Normal]]>
    </line>
    <line>
      <![CDATA[Step 2 : Verify offer page opend.]]>
    </line>
    <line>
      <![CDATA[Step 3 : Click on flights radio button.]]>
    </line>
    <line>
      <![CDATA[Step 4 : Click on hdfc checkbox.]]>
    </line>
    <line>
      <![CDATA[Step 5 : Verify all offers have hdfc bank logo with terms and conditions.]]>
    </line>
    <line>
      <![CDATA[Message : PASS : verifyOfferPageFllightsHDFCFilter]]>
    </line>
    <line>
      <![CDATA[Step 0 : Open URL - null]]>
    </line>
    <line>
      <![CDATA[Step 1 : Click oon super offer tab in header.]]>
    </line>
    <line>
      <![CDATA[Message : Normal]]>
    </line>
    <line>
      <![CDATA[Step 2 : Verify offer page opend.]]>
    </line>
    <line>
      <![CDATA[Step 3 : Click on hotels radio button.]]>
    </line>
    <line>
      <![CDATA[Step 4 : Click on axis checkbox.]]>
    </line>
    <line>
      <![CDATA[Step 5 : Verify all offers have axis bank logo with terms and conditions.]]>
    </line>
    <line>
      <![CDATA[Message : PASS : verifyOfferPageHotelAxisFilter]]>
    </line>
    <line>
      <![CDATA[Step 0 : Open URL - null]]>
    </line>
    <line>
      <![CDATA[Step 1 : Click oon super offer tab in header.]]>
    </line>
    <line>
      <![CDATA[Message : Normal]]>
    </line>
    <line>
      <![CDATA[Step 2 : Verify offer page opend.]]>
    </line>
    <line>
      <![CDATA[Step 3 : Click on trending radio button.]]>
    </line>
    <line>
      <![CDATA[Step 4 : Click on icici checkbox.]]>
    </line>
    <line>
      <![CDATA[Step 5 : Verify all offers have icici bank logo with terms and conditions.]]>
    </line>
    <line>
      <![CDATA[Message : PASS : verifyOfferPageTrendingICICIFilter]]>
    </line>
  </reporter-output>
  <suite started-at="2024-01-11T23:05:30 IST" name="MMT demo" finished-at="2024-01-11T23:07:08 IST" duration-ms="98419">
    <groups>
      <group name="smoke">
        <method signature="HomePage.vaerifyAllHeaderSectionsPresent()[pri:0, instance:com.sample.modules.HomePage@7c729a55]" name="vaerifyAllHeaderSectionsPresent" class="com.sample.modules.HomePage"/>
        <method signature="HomePage.vaerifyCountryCurrencyWidget()[pri:0, instance:com.sample.modules.HomePage@7c729a55]" name="vaerifyCountryCurrencyWidget" class="com.sample.modules.HomePage"/>
        <method signature="HomePage.verifySearchFlight()[pri:0, instance:com.sample.modules.HomePage@7c729a55]" name="verifySearchFlight" class="com.sample.modules.HomePage"/>
        <method signature="OfferPage.verifyOfferPageFllightsHDFCFilter()[pri:0, instance:com.sample.modules.OfferPage@7f3b84b8]" name="verifyOfferPageFllightsHDFCFilter" class="com.sample.modules.OfferPage"/>
        <method signature="OfferPage.verifyOfferPageHotelAxisFilter()[pri:0, instance:com.sample.modules.OfferPage@7f3b84b8]" name="verifyOfferPageHotelAxisFilter" class="com.sample.modules.OfferPage"/>
        <method signature="OfferPage.verifyOfferPageTrendingICICIFilter()[pri:0, instance:com.sample.modules.OfferPage@7f3b84b8]" name="verifyOfferPageTrendingICICIFilter" class="com.sample.modules.OfferPage"/>
      </group> <!-- smoke -->
    </groups>
    <test started-at="2024-01-11T23:05:30 IST" name="MMT HOME PAGE" finished-at="2024-01-11T23:06:35 IST" duration-ms="65860">
      <class name="com.sample.modules.HomePage">
        <test-method is-config="true" signature="setUp(java.lang.reflect.Method)[pri:0, instance:com.sample.modules.HomePage@7c729a55]" started-at="2024-01-11T23:05:30 IST" name="setUp" finished-at="2024-01-11T23:05:34 IST" duration-ms="4040" status="PASS">
          <params>
            <param index="0">
              <value>
                <![CDATA[public void com.sample.modules.HomePage.vaerifyAllHeaderSectionsPresent() throws java.lang.InterruptedException]]>
              </value>
            </param>
          </params>
          <reporter-output>
          </reporter-output>
        </test-method> <!-- setUp -->
        <test-method signature="vaerifyAllHeaderSectionsPresent()[pri:0, instance:com.sample.modules.HomePage@7c729a55]" started-at="2024-01-11T23:05:34 IST" name="vaerifyAllHeaderSectionsPresent" description="Home Page:Verify logo, login and other section present in header." finished-at="2024-01-11T23:05:36 IST" duration-ms="2176" status="PASS">
          <reporter-output>
            <line>
              <![CDATA[Step 0 : Open URL - null]]>
            </line>
            <line>
              <![CDATA[Step 1 : Varify mmt logo present.]]>
            </line>
            <line>
              <![CDATA[Step 2 : Varify mmt login section present.]]>
            </line>
            <line>
              <![CDATA[Step 3 : Varify mmt country & currency selection dropdown present.]]>
            </line>
            <line>
              <![CDATA[Step 4 : Varify mmt search section present.]]>
            </line>
            <line>
              <![CDATA[Message : PASS : vaerifyAllHeaderSectionsPresent]]>
            </line>
          </reporter-output>
        </test-method> <!-- vaerifyAllHeaderSectionsPresent -->
        <test-method is-config="true" signature="tearDown(org.testng.ITestResult)[pri:0, instance:com.sample.modules.HomePage@7c729a55]" started-at="2024-01-11T23:05:36 IST" name="tearDown" finished-at="2024-01-11T23:05:36 IST" duration-ms="166" status="PASS">
          <params>
            <param index="0">
              <value>
                <![CDATA[[TestResult name=vaerifyAllHeaderSectionsPresent status=SUCCESS method=HomePage.vaerifyAllHeaderSectionsPresent()[pri:0, instance:com.sample.modules.HomePage@7c729a55] output=Step 0 : Open URL - null]]]>
              </value>
            </param>
          </params>
          <reporter-output>
          </reporter-output>
        </test-method> <!-- tearDown -->
        <test-method is-config="true" signature="setUp(java.lang.reflect.Method)[pri:0, instance:com.sample.modules.HomePage@7c729a55]" started-at="2024-01-11T23:05:36 IST" name="setUp" finished-at="2024-01-11T23:05:41 IST" duration-ms="5454" status="PASS">
          <params>
            <param index="0">
              <value>
                <![CDATA[public void com.sample.modules.HomePage.vaerifyCountryCurrencyWidget() throws java.lang.InterruptedException]]>
              </value>
            </param>
          </params>
          <reporter-output>
          </reporter-output>
        </test-method> <!-- setUp -->
        <test-method signature="vaerifyCountryCurrencyWidget()[pri:0, instance:com.sample.modules.HomePage@7c729a55]" started-at="2024-01-11T23:05:41 IST" name="vaerifyCountryCurrencyWidget" description="Home Page:Verify country currency widget workinng fine." finished-at="2024-01-11T23:06:03 IST" duration-ms="21946" status="FAIL">
          <exception class="org.openqa.selenium.TimeoutException">
            <message>
              <![CDATA[Expected condition failed: waiting for element to be clickable: By.xpath: //p[@class='selectConInput'] (tried for 20 second(s) with 500 milliseconds interval)
Build info: version: '4.13.0', revision: 'ba948ece5b*'
System info: os.name: 'Mac OS X', os.arch: 'x86_64', os.version: '11.7.10', java.version: '21'
Driver info: org.openqa.selenium.chrome.ChromeDriver
Capabilities {acceptInsecureCerts: true, browserName: chrome, browserVersion: 120.0.6099.199, chrome: {chromedriverVersion: 120.0.6099.109 (3419140ab66..., userDataDir: /var/folders/pb/lrccxhdn21v...}, fedcm:accounts: true, goog:chromeOptions: {debuggerAddress: localhost:53582}, networkConnectionEnabled: false, pageLoadStrategy: normal, platformName: mac, proxy: Proxy(), se:cdp: ws://localhost:53582/devtoo..., se:cdpVersion: 120.0.6099.199, setWindowRect: true, strictFileInteractability: false, timeouts: {implicit: 0, pageLoad: 300000, script: 30000}, unhandledPromptBehavior: dismiss and notify, webauthn:extension:credBlob: true, webauthn:extension:largeBlob: true, webauthn:extension:minPinLength: true, webauthn:extension:prf: true, webauthn:virtualAuthenticators: true}
Session ID: a39b5a7409a1e458985695632bda80ea]]>
            </message>
            <full-stacktrace>
              <![CDATA[org.openqa.selenium.TimeoutException: Expected condition failed: waiting for element to be clickable: By.xpath: //p[@class='selectConInput'] (tried for 20 second(s) with 500 milliseconds interval)
Build info: version: '4.13.0', revision: 'ba948ece5b*'
System info: os.name: 'Mac OS X', os.arch: 'x86_64', os.version: '11.7.10', java.version: '21'
Driver info: org.openqa.selenium.chrome.ChromeDriver
Capabilities {acceptInsecureCerts: true, browserName: chrome, browserVersion: 120.0.6099.199, chrome: {chromedriverVersion: 120.0.6099.109 (3419140ab66..., userDataDir: /var/folders/pb/lrccxhdn21v...}, fedcm:accounts: true, goog:chromeOptions: {debuggerAddress: localhost:53582}, networkConnectionEnabled: false, pageLoadStrategy: normal, platformName: mac, proxy: Proxy(), se:cdp: ws://localhost:53582/devtoo..., se:cdpVersion: 120.0.6099.199, setWindowRect: true, strictFileInteractability: false, timeouts: {implicit: 0, pageLoad: 300000, script: 30000}, unhandledPromptBehavior: dismiss and notify, webauthn:extension:credBlob: true, webauthn:extension:largeBlob: true, webauthn:extension:minPinLength: true, webauthn:extension:prf: true, webauthn:virtualAuthenticators: true}
Session ID: a39b5a7409a1e458985695632bda80ea
at org.openqa.selenium.support.ui.WebDriverWait.timeoutException(WebDriverWait.java:84)
at org.openqa.selenium.support.ui.FluentWait.until(FluentWait.java:230)
at com.sample.utils.Common.waitUntilElementToBeClickable(Common.java:44)
at com.sample.utils.Common.click(Common.java:341)
at com.sample.modules.HomePage.vaerifyCountryCurrencyWidget(HomePage.java:43)
at java.base/jdk.internal.reflect.DirectMethodHandleAccessor.invoke(DirectMethodHandleAccessor.java:103)
at java.base/java.lang.reflect.Method.invoke(Method.java:580)
at org.testng.internal.invokers.MethodInvocationHelper.invokeMethod(MethodInvocationHelper.java:135)
at org.testng.internal.invokers.TestInvoker.invokeMethod(TestInvoker.java:673)
at org.testng.internal.invokers.TestInvoker.invokeTestMethod(TestInvoker.java:220)
at org.testng.internal.invokers.MethodRunner.runInSequence(MethodRunner.java:50)
at org.testng.internal.invokers.TestInvoker$MethodInvocationAgent.invoke(TestInvoker.java:945)
at org.testng.internal.invokers.TestInvoker.invokeTestMethods(TestInvoker.java:193)
at org.testng.internal.invokers.TestMethodWorker.invokeTestMethods(TestMethodWorker.java:146)
at org.testng.internal.invokers.TestMethodWorker.run(TestMethodWorker.java:128)
at java.base/java.util.ArrayList.forEach(ArrayList.java:1596)
at org.testng.TestRunner.privateRun(TestRunner.java:808)
at org.testng.TestRunner.run(TestRunner.java:603)
at org.testng.SuiteRunner.runTest(SuiteRunner.java:429)
at org.testng.SuiteRunner.runSequentially(SuiteRunner.java:423)
at org.testng.SuiteRunner.privateRun(SuiteRunner.java:383)
at org.testng.SuiteRunner.run(SuiteRunner.java:326)
at org.testng.SuiteRunnerWorker.runSuite(SuiteRunnerWorker.java:52)
at org.testng.SuiteRunnerWorker.run(SuiteRunnerWorker.java:95)
at org.testng.TestNG.runSuitesSequentially(TestNG.java:1249)
at org.testng.TestNG.runSuitesLocally(TestNG.java:1169)
at org.testng.TestNG.runSuites(TestNG.java:1092)
at org.testng.TestNG.run(TestNG.java:1060)
at org.apache.maven.surefire.testng.TestNGExecutor.run(TestNGExecutor.java:308)
at org.apache.maven.surefire.testng.TestNGXmlTestSuite.execute(TestNGXmlTestSuite.java:71)
at org.apache.maven.surefire.testng.TestNGProvider.invoke(TestNGProvider.java:113)
at org.apache.maven.surefire.booter.ForkedBooter.runSuitesInProcess(ForkedBooter.java:385)
at org.apache.maven.surefire.booter.ForkedBooter.execute(ForkedBooter.java:162)
at org.apache.maven.surefire.booter.ForkedBooter.run(ForkedBooter.java:507)
at org.apache.maven.surefire.booter.ForkedBooter.main(ForkedBooter.java:495)
]]>
            </full-stacktrace>
          </exception> <!-- org.openqa.selenium.TimeoutException -->
          <reporter-output>
            <line>
              <![CDATA[Step 0 : Open URL - null]]>
            </line>
            <line>
              <![CDATA[Step 1 : Varify mmt country & currency selection section present.]]>
            </line>
            <line>
              <![CDATA[Step 2 : Click on mmt country & currency selection section present.]]>
            </line>
            <line>
              <![CDATA[Step 3 : Select country USA from dropdown.]]>
            </line>
            <line>
              <![CDATA[Message : FAIL : vaerifyCountryCurrencyWidget]]>
            </line>
            <line>
              <![CDATA[<a href='/Users/apple/Documents/HHP/Projects/sample/target/failsafe-reports/chrome/screenshots/vaerifyCountryCurrencyWidget.png'> <img src='/Users/apple/Documents/HHP/Projects/sample/target/failsafe-reports/chrome/screenshots/vaerifyCountryCurrencyWidget.png' height='250' width='500'/> </a>]]>
            </line>
          </reporter-output>
        </test-method> <!-- vaerifyCountryCurrencyWidget -->
        <test-method is-config="true" signature="tearDown(org.testng.ITestResult)[pri:0, instance:com.sample.modules.HomePage@7c729a55]" started-at="2024-01-11T23:06:03 IST" name="tearDown" finished-at="2024-01-11T23:06:04 IST" duration-ms="1158" status="PASS">
          <params>
            <param index="0">
              <value>
                <![CDATA[[TestResult name=vaerifyCountryCurrencyWidget status=FAILURE method=HomePage.vaerifyCountryCurrencyWidget()[pri:0, instance:com.sample.modules.HomePage@7c729a55] output=Step 0 : Open URL - null]]]>
              </value>
            </param>
          </params>
          <reporter-output>
          </reporter-output>
        </test-method> <!-- tearDown -->
        <test-method is-config="true" signature="setUp(java.lang.reflect.Method)[pri:0, instance:com.sample.modules.HomePage@7c729a55]" started-at="2024-01-11T23:06:04 IST" name="setUp" finished-at="2024-01-11T23:06:11 IST" duration-ms="6411" status="PASS">
          <params>
            <param index="0">
              <value>
                <![CDATA[public void com.sample.modules.HomePage.verifySearchFlight() throws java.lang.InterruptedException]]>
              </value>
            </param>
          </params>
          <reporter-output>
          </reporter-output>
        </test-method> <!-- setUp -->
        <test-method signature="verifySearchFlight()[pri:0, instance:com.sample.modules.HomePage@7c729a55]" started-at="2024-01-11T23:06:11 IST" name="verifySearchFlight" description="Home Page:Verify flight search functionality working fine." finished-at="2024-01-11T23:06:35 IST" duration-ms="23727" status="FAIL">
          <exception class="org.openqa.selenium.TimeoutException">
            <message>
              <![CDATA[Expected condition failed: waiting for element to be clickable: By.xpath: //input[@placeholder='From'] (tried for 20 second(s) with 500 milliseconds interval)
Build info: version: '4.13.0', revision: 'ba948ece5b*'
System info: os.name: 'Mac OS X', os.arch: 'x86_64', os.version: '11.7.10', java.version: '21'
Driver info: org.openqa.selenium.chrome.ChromeDriver
Capabilities {acceptInsecureCerts: true, browserName: chrome, browserVersion: 120.0.6099.199, chrome: {chromedriverVersion: 120.0.6099.109 (3419140ab66..., userDataDir: /var/folders/pb/lrccxhdn21v...}, fedcm:accounts: true, goog:chromeOptions: {debuggerAddress: localhost:53640}, networkConnectionEnabled: false, pageLoadStrategy: normal, platformName: mac, proxy: Proxy(), se:cdp: ws://localhost:53640/devtoo..., se:cdpVersion: 120.0.6099.199, setWindowRect: true, strictFileInteractability: false, timeouts: {implicit: 0, pageLoad: 300000, script: 30000}, unhandledPromptBehavior: dismiss and notify, webauthn:extension:credBlob: true, webauthn:extension:largeBlob: true, webauthn:extension:minPinLength: true, webauthn:extension:prf: true, webauthn:virtualAuthenticators: true}
Session ID: d4a33b179bb2c3f75047e672af05a673]]>
            </message>
            <full-stacktrace>
              <![CDATA[org.openqa.selenium.TimeoutException: Expected condition failed: waiting for element to be clickable: By.xpath: //input[@placeholder='From'] (tried for 20 second(s) with 500 milliseconds interval)
Build info: version: '4.13.0', revision: 'ba948ece5b*'
System info: os.name: 'Mac OS X', os.arch: 'x86_64', os.version: '11.7.10', java.version: '21'
Driver info: org.openqa.selenium.chrome.ChromeDriver
Capabilities {acceptInsecureCerts: true, browserName: chrome, browserVersion: 120.0.6099.199, chrome: {chromedriverVersion: 120.0.6099.109 (3419140ab66..., userDataDir: /var/folders/pb/lrccxhdn21v...}, fedcm:accounts: true, goog:chromeOptions: {debuggerAddress: localhost:53640}, networkConnectionEnabled: false, pageLoadStrategy: normal, platformName: mac, proxy: Proxy(), se:cdp: ws://localhost:53640/devtoo..., se:cdpVersion: 120.0.6099.199, setWindowRect: true, strictFileInteractability: false, timeouts: {implicit: 0, pageLoad: 300000, script: 30000}, unhandledPromptBehavior: dismiss and notify, webauthn:extension:credBlob: true, webauthn:extension:largeBlob: true, webauthn:extension:minPinLength: true, webauthn:extension:prf: true, webauthn:virtualAuthenticators: true}
Session ID: d4a33b179bb2c3f75047e672af05a673
at org.openqa.selenium.support.ui.WebDriverWait.timeoutException(WebDriverWait.java:84)
at org.openqa.selenium.support.ui.FluentWait.until(FluentWait.java:230)
at com.sample.utils.Common.waitUntilElementToBeClickable(Common.java:44)
at com.sample.utils.Common.typeAndSelectFirst(Common.java:303)
at com.sample.modules.HomePage.verifySearchFlight(HomePage.java:70)
at java.base/jdk.internal.reflect.DirectMethodHandleAccessor.invoke(DirectMethodHandleAccessor.java:103)
at java.base/java.lang.reflect.Method.invoke(Method.java:580)
at org.testng.internal.invokers.MethodInvocationHelper.invokeMethod(MethodInvocationHelper.java:135)
at org.testng.internal.invokers.TestInvoker.invokeMethod(TestInvoker.java:673)
at org.testng.internal.invokers.TestInvoker.invokeTestMethod(TestInvoker.java:220)
at org.testng.internal.invokers.MethodRunner.runInSequence(MethodRunner.java:50)
at org.testng.internal.invokers.TestInvoker$MethodInvocationAgent.invoke(TestInvoker.java:945)
at org.testng.internal.invokers.TestInvoker.invokeTestMethods(TestInvoker.java:193)
at org.testng.internal.invokers.TestMethodWorker.invokeTestMethods(TestMethodWorker.java:146)
at org.testng.internal.invokers.TestMethodWorker.run(TestMethodWorker.java:128)
at java.base/java.util.ArrayList.forEach(ArrayList.java:1596)
at org.testng.TestRunner.privateRun(TestRunner.java:808)
at org.testng.TestRunner.run(TestRunner.java:603)
at org.testng.SuiteRunner.runTest(SuiteRunner.java:429)
at org.testng.SuiteRunner.runSequentially(SuiteRunner.java:423)
at org.testng.SuiteRunner.privateRun(SuiteRunner.java:383)
at org.testng.SuiteRunner.run(SuiteRunner.java:326)
at org.testng.SuiteRunnerWorker.runSuite(SuiteRunnerWorker.java:52)
at org.testng.SuiteRunnerWorker.run(SuiteRunnerWorker.java:95)
at org.testng.TestNG.runSuitesSequentially(TestNG.java:1249)
at org.testng.TestNG.runSuitesLocally(TestNG.java:1169)
at org.testng.TestNG.runSuites(TestNG.java:1092)
at org.testng.TestNG.run(TestNG.java:1060)
at org.apache.maven.surefire.testng.TestNGExecutor.run(TestNGExecutor.java:308)
at org.apache.maven.surefire.testng.TestNGXmlTestSuite.execute(TestNGXmlTestSuite.java:71)
at org.apache.maven.surefire.testng.TestNGProvider.invoke(TestNGProvider.java:113)
at org.apache.maven.surefire.booter.ForkedBooter.runSuitesInProcess(ForkedBooter.java:385)
at org.apache.maven.surefire.booter.ForkedBooter.execute(ForkedBooter.java:162)
at org.apache.maven.surefire.booter.ForkedBooter.run(ForkedBooter.java:507)
at org.apache.maven.surefire.booter.ForkedBooter.main(ForkedBooter.java:495)
]]>
            </full-stacktrace>
          </exception> <!-- org.openqa.selenium.TimeoutException -->
          <reporter-output>
            <line>
              <![CDATA[Step 0 : Open URL - null]]>
            </line>
            <line>
              <![CDATA[Step 1 : Click on flights logo.]]>
            </line>
            <line>
              <![CDATA[Step 2 : Click on round trip radio button.]]>
            </line>
            <line>
              <![CDATA[Step 3 : Enter ahmedabad in from textbox.]]>
            </line>
            <line>
              <![CDATA[Message : FAIL : verifySearchFlight]]>
            </line>
            <line>
              <![CDATA[<a href='/Users/apple/Documents/HHP/Projects/sample/target/failsafe-reports/chrome/screenshots/verifySearchFlight.png'> <img src='/Users/apple/Documents/HHP/Projects/sample/target/failsafe-reports/chrome/screenshots/verifySearchFlight.png' height='250' width='500'/> </a>]]>
            </line>
          </reporter-output>
        </test-method> <!-- verifySearchFlight -->
        <test-method is-config="true" signature="tearDown(org.testng.ITestResult)[pri:0, instance:com.sample.modules.HomePage@7c729a55]" started-at="2024-01-11T23:06:35 IST" name="tearDown" finished-at="2024-01-11T23:06:35 IST" duration-ms="753" status="PASS">
          <params>
            <param index="0">
              <value>
                <![CDATA[[TestResult name=verifySearchFlight status=FAILURE method=HomePage.verifySearchFlight()[pri:0, instance:com.sample.modules.HomePage@7c729a55] output=Step 0 : Open URL - null]]]>
              </value>
            </param>
          </params>
          <reporter-output>
          </reporter-output>
        </test-method> <!-- tearDown -->
      </class> <!-- com.sample.modules.HomePage -->
    </test> <!-- MMT HOME PAGE -->
    <test started-at="2024-01-11T23:06:40 IST" name="MMT OFFER PAGE" finished-at="2024-01-11T23:07:08 IST" duration-ms="27530">
      <class name="com.sample.modules.OfferPage">
        <test-method is-config="true" signature="fetchSuiteConfiguration(org.testng.ITestContext)[pri:0, instance:com.sample.modules.OfferPage@7f3b84b8]" started-at="2024-01-11T23:05:30 IST" name="fetchSuiteConfiguration" finished-at="2024-01-11T23:05:30 IST" duration-ms="12" status="PASS">
          <params>
            <param index="0">
              <value>
                <![CDATA[org.testng.TestRunner@3b2553d9]]>
              </value>
            </param>
          </params>
          <reporter-output>
          </reporter-output>
        </test-method> <!-- fetchSuiteConfiguration -->
        <test-method is-config="true" signature="setUp(java.lang.reflect.Method)[pri:0, instance:com.sample.modules.OfferPage@7f3b84b8]" started-at="2024-01-11T23:06:40 IST" name="setUp" finished-at="2024-01-11T23:06:44 IST" duration-ms="3873" status="PASS">
          <params>
            <param index="0">
              <value>
                <![CDATA[public void com.sample.modules.OfferPage.verifyOfferPageFllightsHDFCFilter() throws java.lang.InterruptedException]]>
              </value>
            </param>
          </params>
          <reporter-output>
          </reporter-output>
        </test-method> <!-- setUp -->
        <test-method signature="verifyOfferPageFllightsHDFCFilter()[pri:0, instance:com.sample.modules.OfferPage@7f3b84b8]" started-at="2024-01-11T23:06:44 IST" name="verifyOfferPageFllightsHDFCFilter" description="Home Page:Verify filter functioality for HDFC bank&#039;s offers for flights on offers page." finished-at="2024-01-11T23:06:49 IST" duration-ms="4920" status="PASS">
          <reporter-output>
            <line>
              <![CDATA[Step 0 : Open URL - null]]>
            </line>
            <line>
              <![CDATA[Step 1 : Click oon super offer tab in header.]]>
            </line>
            <line>
              <![CDATA[Message : Normal]]>
            </line>
            <line>
              <![CDATA[Step 2 : Verify offer page opend.]]>
            </line>
            <line>
              <![CDATA[Step 3 : Click on flights radio button.]]>
            </line>
            <line>
              <![CDATA[Step 4 : Click on hdfc checkbox.]]>
            </line>
            <line>
              <![CDATA[Step 5 : Verify all offers have hdfc bank logo with terms and conditions.]]>
            </line>
            <line>
              <![CDATA[Message : PASS : verifyOfferPageFllightsHDFCFilter]]>
            </line>
          </reporter-output>
        </test-method> <!-- verifyOfferPageFllightsHDFCFilter -->
        <test-method is-config="true" signature="tearDown(org.testng.ITestResult)[pri:0, instance:com.sample.modules.OfferPage@7f3b84b8]" started-at="2024-01-11T23:06:49 IST" name="tearDown" finished-at="2024-01-11T23:06:49 IST" duration-ms="166" status="PASS">
          <params>
            <param index="0">
              <value>
                <![CDATA[[TestResult name=verifyOfferPageFllightsHDFCFilter status=SUCCESS method=OfferPage.verifyOfferPageFllightsHDFCFilter()[pri:0, instance:com.sample.modules.OfferPage@7f3b84b8] output=Step 0 : Open URL - null]]]>
              </value>
            </param>
          </params>
          <reporter-output>
          </reporter-output>
        </test-method> <!-- tearDown -->
        <test-method is-config="true" signature="setUp(java.lang.reflect.Method)[pri:0, instance:com.sample.modules.OfferPage@7f3b84b8]" started-at="2024-01-11T23:06:49 IST" name="setUp" finished-at="2024-01-11T23:06:53 IST" duration-ms="3434" status="PASS">
          <params>
            <param index="0">
              <value>
                <![CDATA[public void com.sample.modules.OfferPage.verifyOfferPageHotelAxisFilter() throws java.lang.InterruptedException]]>
              </value>
            </param>
          </params>
          <reporter-output>
          </reporter-output>
        </test-method> <!-- setUp -->
        <test-method signature="verifyOfferPageHotelAxisFilter()[pri:0, instance:com.sample.modules.OfferPage@7f3b84b8]" started-at="2024-01-11T23:06:53 IST" name="verifyOfferPageHotelAxisFilter" description="Home Page:Verify filter functioality for Axis bank&#039;s offers for hotels on offers page." finished-at="2024-01-11T23:06:58 IST" duration-ms="5041" status="PASS">
          <reporter-output>
            <line>
              <![CDATA[Step 0 : Open URL - null]]>
            </line>
            <line>
              <![CDATA[Step 1 : Click oon super offer tab in header.]]>
            </line>
            <line>
              <![CDATA[Message : Normal]]>
            </line>
            <line>
              <![CDATA[Step 2 : Verify offer page opend.]]>
            </line>
            <line>
              <![CDATA[Step 3 : Click on hotels radio button.]]>
            </line>
            <line>
              <![CDATA[Step 4 : Click on axis checkbox.]]>
            </line>
            <line>
              <![CDATA[Step 5 : Verify all offers have axis bank logo with terms and conditions.]]>
            </line>
            <line>
              <![CDATA[Message : PASS : verifyOfferPageHotelAxisFilter]]>
            </line>
          </reporter-output>
        </test-method> <!-- verifyOfferPageHotelAxisFilter -->
        <test-method is-config="true" signature="tearDown(org.testng.ITestResult)[pri:0, instance:com.sample.modules.OfferPage@7f3b84b8]" started-at="2024-01-11T23:06:58 IST" name="tearDown" finished-at="2024-01-11T23:06:58 IST" duration-ms="207" status="PASS">
          <params>
            <param index="0">
              <value>
                <![CDATA[[TestResult name=verifyOfferPageHotelAxisFilter status=SUCCESS method=OfferPage.verifyOfferPageHotelAxisFilter()[pri:0, instance:com.sample.modules.OfferPage@7f3b84b8] output=Step 0 : Open URL - null]]]>
              </value>
            </param>
          </params>
          <reporter-output>
          </reporter-output>
        </test-method> <!-- tearDown -->
        <test-method is-config="true" signature="setUp(java.lang.reflect.Method)[pri:0, instance:com.sample.modules.OfferPage@7f3b84b8]" started-at="2024-01-11T23:06:58 IST" name="setUp" finished-at="2024-01-11T23:07:02 IST" duration-ms="3796" status="PASS">
          <params>
            <param index="0">
              <value>
                <![CDATA[public void com.sample.modules.OfferPage.verifyOfferPageTrendingICICIFilter() throws java.lang.InterruptedException]]>
              </value>
            </param>
          </params>
          <reporter-output>
          </reporter-output>
        </test-method> <!-- setUp -->
        <test-method signature="verifyOfferPageTrendingICICIFilter()[pri:0, instance:com.sample.modules.OfferPage@7f3b84b8]" started-at="2024-01-11T23:07:02 IST" name="verifyOfferPageTrendingICICIFilter" description="Home Page:Verify filter functioality for ICICI bank&#039;s offers for trendiing on offers page." finished-at="2024-01-11T23:07:08 IST" duration-ms="5913" status="PASS">
          <reporter-output>
            <line>
              <![CDATA[Step 0 : Open URL - null]]>
            </line>
            <line>
              <![CDATA[Step 1 : Click oon super offer tab in header.]]>
            </line>
            <line>
              <![CDATA[Message : Normal]]>
            </line>
            <line>
              <![CDATA[Step 2 : Verify offer page opend.]]>
            </line>
            <line>
              <![CDATA[Step 3 : Click on trending radio button.]]>
            </line>
            <line>
              <![CDATA[Step 4 : Click on icici checkbox.]]>
            </line>
            <line>
              <![CDATA[Step 5 : Verify all offers have icici bank logo with terms and conditions.]]>
            </line>
            <line>
              <![CDATA[Message : PASS : verifyOfferPageTrendingICICIFilter]]>
            </line>
          </reporter-output>
        </test-method> <!-- verifyOfferPageTrendingICICIFilter -->
        <test-method is-config="true" signature="tearDown(org.testng.ITestResult)[pri:0, instance:com.sample.modules.OfferPage@7f3b84b8]" started-at="2024-01-11T23:07:08 IST" name="tearDown" finished-at="2024-01-11T23:07:08 IST" duration-ms="177" status="PASS">
          <params>
            <param index="0">
              <value>
                <![CDATA[[TestResult name=verifyOfferPageTrendingICICIFilter status=SUCCESS method=OfferPage.verifyOfferPageTrendingICICIFilter()[pri:0, instance:com.sample.modules.OfferPage@7f3b84b8] output=Step 0 : Open URL - null]]]>
              </value>
            </param>
          </params>
          <reporter-output>
          </reporter-output>
        </test-method> <!-- tearDown -->
        <test-method is-config="true" signature="after()[pri:0, instance:com.sample.modules.OfferPage@7f3b84b8]" started-at="2024-01-11T23:07:13 IST" name="after" finished-at="2024-01-11T23:07:13 IST" duration-ms="0" status="PASS">
          <reporter-output>
          </reporter-output>
        </test-method> <!-- after -->
      </class> <!-- com.sample.modules.OfferPage -->
    </test> <!-- MMT OFFER PAGE -->
  </suite> <!-- MMT demo -->
</testng-results>
